#
# A fatal error has been detected by the Java Runtime Environment:
#
#  EXCEPTION_ACCESS_VIOLATION (0xc0000005) at pc=0x0000000059f17976, pid=20064, tid=0x0000000000002be4
#
# JRE version: Java(TM) SE Runtime Environment (8.0_221-b11) (build 1.8.0_221-b11)
# Java VM: Java HotSpot(TM) 64-Bit Server VM (25.221-b11 mixed mode windows-amd64 compressed oops)
# Problematic frame:
# V  [jvm.dll+0x237976]
#
# Failed to write core dump. Minidumps are not enabled by default on client versions of Windows
#
# If you would like to submit a bug report, please visit:
#   http://bugreport.java.com/bugreport/crash.jsp
#

---------------  T H R E A D  ---------------

Current thread (0x000000001bef5800):  VMThread [stack: 0x000000001dbc0000,0x000000001dcc0000] [id=11236]

siginfo: ExceptionCode=0xc0000005, reading address 0x0000000000000008

Registers:
RAX=0x0000000000000000, RBX=0x000000001dcbee70, RCX=0x000000001dcbee70, RDX=0x0000000000000028
RSP=0x000000001dcbeba0, RBP=0x000000001dcbf3b0, RSI=0x0000000000000000, RDI=0x000000001dcbf540
R8 =0x0000000000000000, R9 =0x000000001baf2428, R10=0x0000000000000008, R11=0x000000005a2e9f48
R12=0x000000001bd854c0, R13=0x000000001dcbf370, R14=0x00000000000003d8, R15=0x000000001dcbf360
RIP=0x0000000059f17976, EFLAGS=0x0000000000010206

Top of Stack: (sp=0x000000001dcbeba0)
0x000000001dcbeba0:   0000000000000000 0000000000000000
0x000000001dcbebb0:   0000000772a81580 0000000772a81258
0x000000001dcbebc0:   0000000772a80e10 0000000772a80978
0x000000001dcbebd0:   00000007729b66c8 00000007729b60e8
0x000000001dcbebe0:   00000007729aedc8 00000007729ad928
0x000000001dcbebf0:   000000000228f3b0 000000000228f3b0
0x000000001dcbec00:   00000007729a82e8 00000007729a8190
0x000000001dcbec10:   00000007729a79a0 00000007729a79a0
0x000000001dcbec20:   00000007729a7688 00000007729a6410
0x000000001dcbec30:   00000007729a4db8 00000007729a4d50
0x000000001dcbec40:   00000007729a4ca8 0000000000000c00
0x000000001dcbec50:   0000000000000000 0000000000000000
0x000000001dcbec60:   00000007729a4b00 000000000229b000
0x000000001dcbec70:   00000007729a4a01 000000000229b000
0x000000001dcbec80:   00000007729a0160 000000005a309848
0x000000001dcbec90:   000000000228d988 00000000024a8180 

Instructions: (pc=0x0000000059f17976)
0x0000000059f17956:   01 00 00 48 8b 05 d0 ce 5b 00 48 33 c4 48 89 84
0x0000000059f17966:   24 30 01 00 00 4c 63 41 10 48 8b 41 08 48 8b d9
0x0000000059f17976:   42 38 54 00 08 74 33 44 0f be c2 48 8d 4c 24 20
0x0000000059f17986:   48 8d 15 03 fb 3e 00 e8 ce e4 de ff 48 8d 0d 87 


Register to memory mapping:

RAX=0x0000000000000000 is an unknown value
RBX=0x000000001dcbee70 is an unknown value
RCX=0x000000001dcbee70 is an unknown value
RDX=0x0000000000000028 is an unknown value
RSP=0x000000001dcbeba0 is an unknown value
RBP=0x000000001dcbf3b0 is an unknown value
RSI=0x0000000000000000 is an unknown value
RDI=0x000000001dcbf540 is an unknown value
R8 =0x0000000000000000 is an unknown value
R9 =0x000000001baf2428 is pointing into metadata
R10=0x0000000000000008 is an unknown value
R11=0x000000005a2e9f48 is an unknown value
R12=0x000000001bd854c0 is an unknown value
R13=0x000000001dcbf370 is an unknown value
R14=0x00000000000003d8 is an unknown value
R15=0x000000001dcbf360 is an unknown value


Stack: [0x000000001dbc0000,0x000000001dcc0000],  sp=0x000000001dcbeba0,  free space=1018k
Native frames: (J=compiled Java code, j=interpreted, Vv=VM code, C=native code)
V  [jvm.dll+0x237976]
V  [jvm.dll+0x237ff4]
V  [jvm.dll+0xff543]
V  [jvm.dll+0x102633]
V  [jvm.dll+0x1030ff]
V  [jvm.dll+0x103945]
V  [jvm.dll+0x103b92]
V  [jvm.dll+0xc505e]
V  [jvm.dll+0xc56e8]
V  [jvm.dll+0xc581a]
V  [jvm.dll+0xc5a18]
V  [jvm.dll+0x10f9fa]
V  [jvm.dll+0x12d37f]
V  [jvm.dll+0x1bf5af]
V  [jvm.dll+0x24d517]
V  [jvm.dll+0x24c7b6]
V  [jvm.dll+0x24cc51]
V  [jvm.dll+0x24ce6e]
V  [jvm.dll+0x29fb8a]
C  [msvcr100.dll+0x21d9f]
C  [msvcr100.dll+0x21e3b]
C  [KERNEL32.DLL+0x17bd4]
C  [ntdll.dll+0x6ce51]

VM_Operation (0x000000001ea1f620): GetOrSetLocal, mode: safepoint, requested by thread 0x000000001ddfd800


---------------  P R O C E S S  ---------------

Java Threads: ( => current thread )
  0x000000001ffe7800 JavaThread "ReaderThread" [_thread_in_native, id=4156, stack(0x0000000021b30000,0x0000000021c30000)]
  0x000000001eed6800 JavaThread "Service Thread" daemon [_thread_blocked, id=20024, stack(0x000000001f820000,0x000000001f920000)]
  0x000000001eeee000 JavaThread "C1 CompilerThread3" daemon [_thread_blocked, id=3220, stack(0x000000001f720000,0x000000001f820000)]
  0x000000001eed1800 JavaThread "C2 CompilerThread2" daemon [_thread_blocked, id=12952, stack(0x000000001f620000,0x000000001f720000)]
  0x000000001eec0800 JavaThread "C2 CompilerThread1" daemon [_thread_blocked, id=20796, stack(0x000000001f520000,0x000000001f620000)]
  0x000000001eec0000 JavaThread "C2 CompilerThread0" daemon [_thread_blocked, id=12084, stack(0x000000001f420000,0x000000001f520000)]
  0x000000001de0e000 JavaThread "JDWP Command Reader" daemon [_thread_in_native, id=18088, stack(0x000000001eb20000,0x000000001ec20000)]
  0x000000001de09000 JavaThread "JDWP Event Helper Thread" daemon [_thread_blocked, id=17440, stack(0x000000001ea20000,0x000000001eb20000)]
  0x000000001ddfd800 JavaThread "JDWP Transport Listener: dt_socket" daemon [_thread_blocked, id=18584, stack(0x000000001e920000,0x000000001ea20000)]
  0x000000001ddf2000 JavaThread "Attach Listener" daemon [_thread_blocked, id=1004, stack(0x000000001e4e0000,0x000000001e5e0000)]
  0x000000001ddf1000 JavaThread "Signal Dispatcher" daemon [_thread_blocked, id=2876, stack(0x000000001e3e0000,0x000000001e4e0000)]
  0x000000001bf06800 JavaThread "Finalizer" daemon [_thread_blocked, id=18032, stack(0x000000001e1c0000,0x000000001e2c0000)]
  0x000000001beff800 JavaThread "Reference Handler" daemon [_thread_blocked, id=15504, stack(0x000000001dcc0000,0x000000001ddc0000)]
  0x000000000229b000 JavaThread "main" [_thread_blocked, id=10220, stack(0x0000000002190000,0x0000000002290000)]

Other Threads:
=>0x000000001bef5800 VMThread [stack: 0x000000001dbc0000,0x000000001dcc0000] [id=11236]
  0x000000001efca000 WatcherThread [stack: 0x000000001fa90000,0x000000001fb90000] [id=11472]

VM state:at safepoint (normal execution)

VM Mutex/Monitor currently owned by a thread:  ([mutex/lock_event])
[0x0000000002290bd0] Threads_lock - owner thread: 0x000000001bef5800

heap address: 0x00000006c1400000, size: 4076 MB, Compressed Oops mode: Zero based, Oop shift amount: 3
Narrow klass base: 0x0000000000000000, Narrow klass shift: 3
Compressed class space size: 1073741824 Address: 0x00000007c0000000

Heap:
 PSYoungGen      total 232960K, used 219383K [0x000000076b180000, 0x000000077b700000, 0x00000007c0000000)
  eden space 220160K, 93% used [0x000000076b180000,0x0000000777b41c78,0x0000000778880000)
  from space 12800K, 99% used [0x0000000779a00000,0x000000077a67c020,0x000000077a680000)
  to   space 17920K, 0% used [0x0000000778880000,0x0000000778880000,0x0000000779a00000)
 ParOldGen       total 144384K, used 28376K [0x00000006c1400000, 0x00000006ca100000, 0x000000076b180000)
  object space 144384K, 19% used [0x00000006c1400000,0x00000006c2fb6328,0x00000006ca100000)
 Metaspace       used 42311K, capacity 45010K, committed 45184K, reserved 1087488K
  class space    used 5956K, capacity 6449K, committed 6528K, reserved 1048576K

Card table byte_map: [0x0000000011860000,0x0000000012060000] byte_map_base: 0x000000000e256000

Marking Bits: (ParMarkBitMap*) 0x000000005a505ce0
 Begin Bits: [0x0000000012db0000, 0x0000000016d60000)
 End Bits:   [0x0000000016d60000, 0x000000001ad10000)

Polling page: 0x0000000001fa0000

CodeCache: size=245760Kb used=17791Kb max_used=17791Kb free=227968Kb
 bounds [0x00000000024a0000, 0x0000000003620000, 0x00000000114a0000]
 total_blobs=4971 nmethods=4537 adapters=353
 compilation: enabled

Compilation events (10 events):
Event: 13.844 Thread 0x000000001eeee000 5251   !   3       com.sun.proxy.$Proxy18::annotationType (29 bytes)
Event: 13.844 Thread 0x000000001eeee000 nmethod 5251 0x000000000360df50 code [0x000000000360e0e0, 0x000000000360e578]
Event: 13.844 Thread 0x000000001eeee000 5253       3       java.util.function.Predicate$$Lambda$183/210156003::test (13 bytes)
Event: 13.844 Thread 0x000000001eeee000 nmethod 5253 0x000000000360e790 code [0x000000000360e920, 0x000000000360ed18]
Event: 13.844 Thread 0x000000001eeee000 5250       3       org.springframework.beans.factory.support.AbstractBeanFactory::getBean (9 bytes)
Event: 13.844 Thread 0x000000001eeee000 nmethod 5250 0x000000000360ee90 code [0x000000000360f000, 0x000000000360f228]
Event: 13.846 Thread 0x000000001eeee000 5254       3       java.lang.reflect.AccessibleObject::getDeclaredAnnotation (6 bytes)
Event: 13.846 Thread 0x000000001eeee000 nmethod 5254 0x000000000360f2d0 code [0x000000000360f440, 0x000000000360f668]
Event: 13.846 Thread 0x000000001eeee000 5255       3       java.lang.reflect.Proxy$Key2::equals (76 bytes)
Event: 13.847 Thread 0x000000001eeee000 nmethod 5255 0x000000000360f710 code [0x000000000360f8c0, 0x00000000036102b0]

GC Heap History (10 events):
Event: 7.439 GC heap before
{Heap before GC invocations=8 (full 1):
 PSYoungGen      total 115712K, used 113066K [0x000000076b180000, 0x0000000772b00000, 0x00000007c0000000)
  eden space 108032K, 100% used [0x000000076b180000,0x0000000771b00000,0x0000000771b00000)
  from space 7680K, 65% used [0x0000000772380000,0x000000077286a910,0x0000000772b00000)
  to   space 8192K, 0% used [0x0000000771b00000,0x0000000771b00000,0x0000000772300000)
 ParOldGen       total 99840K, used 6717K [0x00000006c1400000, 0x00000006c7580000, 0x000000076b180000)
  object space 99840K, 6% used [0x00000006c1400000,0x00000006c1a8f718,0x00000006c7580000)
 Metaspace       used 29955K, capacity 31518K, committed 31744K, reserved 1077248K
  class space    used 4037K, capacity 4333K, committed 4352K, reserved 1048576K
Event: 7.447 GC heap after
Heap after GC invocations=8 (full 1):
 PSYoungGen      total 116224K, used 7791K [0x000000076b180000, 0x0000000776d00000, 0x00000007c0000000)
  eden space 108032K, 0% used [0x000000076b180000,0x000000076b180000,0x0000000771b00000)
  from space 8192K, 95% used [0x0000000771b00000,0x000000077229bfd0,0x0000000772300000)
  to   space 9216K, 0% used [0x0000000776400000,0x0000000776400000,0x0000000776d00000)
 ParOldGen       total 99840K, used 6725K [0x00000006c1400000, 0x00000006c7580000, 0x000000076b180000)
  object space 99840K, 6% used [0x00000006c1400000,0x00000006c1a91718,0x00000006c7580000)
 Metaspace       used 29955K, capacity 31518K, committed 31744K, reserved 1077248K
  class space    used 4037K, capacity 4333K, committed 4352K, reserved 1048576K
}
Event: 8.514 GC heap before
{Heap before GC invocations=9 (full 1):
 PSYoungGen      total 116224K, used 82568K [0x000000076b180000, 0x0000000776d00000, 0x00000007c0000000)
  eden space 108032K, 69% used [0x000000076b180000,0x000000076fa860b8,0x0000000771b00000)
  from space 8192K, 95% used [0x0000000771b00000,0x000000077229bfd0,0x0000000772300000)
  to   space 9216K, 0% used [0x0000000776400000,0x0000000776400000,0x0000000776d00000)
 ParOldGen       total 99840K, used 6725K [0x00000006c1400000, 0x00000006c7580000, 0x000000076b180000)
  object space 99840K, 6% used [0x00000006c1400000,0x00000006c1a91718,0x00000006c7580000)
 Metaspace       used 33699K, capacity 35460K, committed 35496K, reserved 1079296K
  class space    used 4744K, capacity 5086K, committed 5120K, reserved 1048576K
Event: 8.520 GC heap after
Heap after GC invocations=9 (full 1):
 PSYoungGen      total 176640K, used 7572K [0x000000076b180000, 0x0000000776b80000, 0x00000007c0000000)
  eden space 168960K, 0% used [0x000000076b180000,0x000000076b180000,0x0000000775680000)
  from space 7680K, 98% used [0x0000000776400000,0x0000000776b65010,0x0000000776b80000)
  to   space 9216K, 0% used [0x0000000775980000,0x0000000775980000,0x0000000776280000)
 ParOldGen       total 99840K, used 6733K [0x00000006c1400000, 0x00000006c7580000, 0x000000076b180000)
  object space 99840K, 6% used [0x00000006c1400000,0x00000006c1a93718,0x00000006c7580000)
 Metaspace       used 33699K, capacity 35460K, committed 35496K, reserved 1079296K
  class space    used 4744K, capacity 5086K, committed 5120K, reserved 1048576K
}
Event: 8.520 GC heap before
{Heap before GC invocations=10 (full 2):
 PSYoungGen      total 176640K, used 7572K [0x000000076b180000, 0x0000000776b80000, 0x00000007c0000000)
  eden space 168960K, 0% used [0x000000076b180000,0x000000076b180000,0x0000000775680000)
  from space 7680K, 98% used [0x0000000776400000,0x0000000776b65010,0x0000000776b80000)
  to   space 9216K, 0% used [0x0000000775980000,0x0000000775980000,0x0000000776280000)
 ParOldGen       total 99840K, used 6733K [0x00000006c1400000, 0x00000006c7580000, 0x000000076b180000)
  object space 99840K, 6% used [0x00000006c1400000,0x00000006c1a93718,0x00000006c7580000)
 Metaspace       used 33699K, capacity 35460K, committed 35496K, reserved 1079296K
  class space    used 4744K, capacity 5086K, committed 5120K, reserved 1048576K
Event: 8.553 GC heap after
Heap after GC invocations=10 (full 2):
 PSYoungGen      total 176640K, used 0K [0x000000076b180000, 0x0000000776b80000, 0x00000007c0000000)
  eden space 168960K, 0% used [0x000000076b180000,0x000000076b180000,0x0000000775680000)
  from space 7680K, 0% used [0x0000000776400000,0x0000000776400000,0x0000000776b80000)
  to   space 9216K, 0% used [0x0000000775980000,0x0000000775980000,0x0000000776280000)
 ParOldGen       total 144384K, used 12442K [0x00000006c1400000, 0x00000006ca100000, 0x000000076b180000)
  object space 144384K, 8% used [0x00000006c1400000,0x00000006c2026990,0x00000006ca100000)
 Metaspace       used 33699K, capacity 35460K, committed 35496K, reserved 1079296K
  class space    used 4744K, capacity 5086K, committed 5120K, reserved 1048576K
}
Event: 10.505 GC heap before
{Heap before GC invocations=11 (full 2):
 PSYoungGen      total 176640K, used 168960K [0x000000076b180000, 0x0000000776b80000, 0x00000007c0000000)
  eden space 168960K, 100% used [0x000000076b180000,0x0000000775680000,0x0000000775680000)
  from space 7680K, 0% used [0x0000000776400000,0x0000000776400000,0x0000000776b80000)
  to   space 9216K, 0% used [0x0000000775980000,0x0000000775980000,0x0000000776280000)
 ParOldGen       total 144384K, used 12442K [0x00000006c1400000, 0x00000006ca100000, 0x000000076b180000)
  object space 144384K, 8% used [0x00000006c1400000,0x00000006c2026990,0x00000006ca100000)
 Metaspace       used 37228K, capacity 39394K, committed 39680K, reserved 1083392K
  class space    used 5204K, capacity 5599K, committed 5632K, reserved 1048576K
Event: 10.521 GC heap after
Heap after GC invocations=11 (full 2):
 PSYoungGen      total 181248K, used 9186K [0x000000076b180000, 0x000000077a680000, 0x00000007c0000000)
  eden space 172032K, 0% used [0x000000076b180000,0x000000076b180000,0x0000000775980000)
  from space 9216K, 99% used [0x0000000775980000,0x0000000776278ae0,0x0000000776280000)
  to   space 12800K, 0% used [0x0000000779a00000,0x0000000779a00000,0x000000077a680000)
 ParOldGen       total 144384K, used 18410K [0x00000006c1400000, 0x00000006ca100000, 0x000000076b180000)
  object space 144384K, 12% used [0x00000006c1400000,0x00000006c25faad8,0x00000006ca100000)
 Metaspace       used 37228K, capacity 39394K, committed 39680K, reserved 1083392K
  class space    used 5204K, capacity 5599K, committed 5632K, reserved 1048576K
}
Event: 11.596 GC heap before
{Heap before GC invocations=12 (full 2):
 PSYoungGen      total 181248K, used 181218K [0x000000076b180000, 0x000000077a680000, 0x00000007c0000000)
  eden space 172032K, 100% used [0x000000076b180000,0x0000000775980000,0x0000000775980000)
  from space 9216K, 99% used [0x0000000775980000,0x0000000776278ae0,0x0000000776280000)
  to   space 12800K, 0% used [0x0000000779a00000,0x0000000779a00000,0x000000077a680000)
 ParOldGen       total 144384K, used 18410K [0x00000006c1400000, 0x00000006ca100000, 0x000000076b180000)
  object space 144384K, 12% used [0x00000006c1400000,0x00000006c25faad8,0x00000006ca100000)
 Metaspace       used 37688K, capacity 39908K, committed 40064K, reserved 1083392K
  class space    used 5240K, capacity 5638K, committed 5760K, reserved 1048576K
Event: 11.616 GC heap after
Heap after GC invocations=12 (full 2):
 PSYoungGen      total 232960K, used 12784K [0x000000076b180000, 0x000000077b700000, 0x00000007c0000000)
  eden space 220160K, 0% used [0x000000076b180000,0x000000076b180000,0x0000000778880000)
  from space 12800K, 99% used [0x0000000779a00000,0x000000077a67c020,0x000000077a680000)
  to   space 17920K, 0% used [0x0000000778880000,0x0000000778880000,0x0000000779a00000)
 ParOldGen       total 144384K, used 28376K [0x00000006c1400000, 0x00000006ca100000, 0x000000076b180000)
  object space 144384K, 19% used [0x00000006c1400000,0x00000006c2fb6328,0x00000006ca100000)
 Metaspace       used 37688K, capacity 39908K, committed 40064K, reserved 1083392K
  class space    used 5240K, capacity 5638K, committed 5760K, reserved 1048576K
}

Deoptimization events (10 events):
Event: 13.835 Thread 0x000000000229b000 Uncommon trap: reason=unhandled action=none pc=0x0000000003029420 method=java.net.URLClassLoader.findClass(Ljava/lang/String;)Ljava/lang/Class; @ 44
Event: 13.837 Thread 0x000000000229b000 Uncommon trap: reason=unhandled action=none pc=0x000000000308bad8 method=org.springframework.beans.factory.support.DefaultListableBeanFactory.getBeanDefinition(Ljava/lang/String;)Lorg/springframework/beans/factory/config/BeanDefinition; @ 77
Event: 13.841 Thread 0x000000000229b000 Uncommon trap: reason=unhandled action=none pc=0x00000000025c26b8 method=java.net.URLClassLoader.findClass(Ljava/lang/String;)Ljava/lang/Class; @ 44
Event: 13.841 Thread 0x000000000229b000 Uncommon trap: reason=unhandled action=none pc=0x0000000003029420 method=java.net.URLClassLoader.findClass(Ljava/lang/String;)Ljava/lang/Class; @ 44
Event: 13.841 Thread 0x000000000229b000 Uncommon trap: reason=unhandled action=none pc=0x00000000025c26b8 method=java.net.URLClassLoader.findClass(Ljava/lang/String;)Ljava/lang/Class; @ 44
Event: 13.842 Thread 0x000000000229b000 Uncommon trap: reason=unhandled action=none pc=0x0000000003029420 method=java.net.URLClassLoader.findClass(Ljava/lang/String;)Ljava/lang/Class; @ 44
Event: 13.845 Thread 0x000000000229b000 Uncommon trap: reason=unhandled action=none pc=0x00000000025c26b8 method=java.net.URLClassLoader.findClass(Ljava/lang/String;)Ljava/lang/Class; @ 44
Event: 13.845 Thread 0x000000000229b000 Uncommon trap: reason=unhandled action=none pc=0x0000000003029420 method=java.net.URLClassLoader.findClass(Ljava/lang/String;)Ljava/lang/Class; @ 44
Event: 13.845 Thread 0x000000000229b000 Uncommon trap: reason=unhandled action=none pc=0x00000000025c26b8 method=java.net.URLClassLoader.findClass(Ljava/lang/String;)Ljava/lang/Class; @ 44
Event: 13.846 Thread 0x000000000229b000 Uncommon trap: reason=unhandled action=none pc=0x0000000003029420 method=java.net.URLClassLoader.findClass(Ljava/lang/String;)Ljava/lang/Class; @ 44

Classes redefined (3 events):
Event: 211.380 Thread 0x000000001bef5800 redefined class name=org.springframework.samples.petclinic.web.StayControllerTests, count=1
Event: 590.627 Thread 0x000000001bef5800 redefined class name=org.springframework.samples.petclinic.web.StayControllerTests, count=2
Event: 680.707 Thread 0x000000001bef5800 redefined class name=org.springframework.samples.petclinic.web.StayControllerTests, count=3

Internal exceptions (10 events):
Event: 13.609 Thread 0x000000000229b000 Exception <a 'java/lang/ClassNotFoundException': org/springframework/samples/petclinic/model/StayCustomizer> (0x00000007740d4d88) thrown at [C:\re\workspace\8-2-build-windows-amd64-cygwin\jdk8u221\13320\hotspot\src\share\vm\classfile\systemDictionary.cpp,
Event: 13.666 Thread 0x000000000229b000 Exception <a 'java/lang/ArrayIndexOutOfBoundsException': 83> (0x00000007745a5fa8) thrown at [C:\re\workspace\8-2-build-windows-amd64-cygwin\jdk8u221\13320\hotspot\src\share\vm\interpreter\interpreterRuntime.cpp, line 368]
Event: 13.681 Thread 0x000000000229b000 Exception <a 'java/lang/ArrayIndexOutOfBoundsException': 61> (0x0000000774690078) thrown at [C:\re\workspace\8-2-build-windows-amd64-cygwin\jdk8u221\13320\hotspot\src\share\vm\interpreter\interpreterRuntime.cpp, line 368]
Event: 13.789 Thread 0x000000000229b000 Exception <a 'java/lang/ClassNotFoundException': java/lang/ObjectCustomizer> (0x000000077733c0c8) thrown at [C:\re\workspace\8-2-build-windows-amd64-cygwin\jdk8u221\13320\hotspot\src\share\vm\classfile\systemDictionary.cpp, line 210]
Event: 13.790 Thread 0x000000000229b000 Exception <a 'java/lang/ClassNotFoundException': org/hibernate/validator/internal/constraintvalidators/bv/NotBlankValidatorCustomizer> (0x00000007773732d0) thrown at [C:\re\workspace\8-2-build-windows-amd64-cygwin\jdk8u221\13320\hotspot\src\share\vm\class
Event: 13.791 Thread 0x000000000229b000 Exception <a 'java/lang/ClassNotFoundException': javax/validation/ConstraintValidatorCustomizer> (0x000000077739a000) thrown at [C:\re\workspace\8-2-build-windows-amd64-cygwin\jdk8u221\13320\hotspot\src\share\vm\classfile\systemDictionary.cpp, line 210]
Event: 13.791 Thread 0x000000000229b000 Exception <a 'java/lang/ArrayIndexOutOfBoundsException': 6> (0x000000077739b0f0) thrown at [C:\re\workspace\8-2-build-windows-amd64-cygwin\jdk8u221\13320\hotspot\src\share\vm\interpreter\interpreterRuntime.cpp, line 368]
Event: 13.791 Thread 0x000000000229b000 Exception <a 'java/lang/ArrayIndexOutOfBoundsException': 51> (0x000000077739cd28) thrown at [C:\re\workspace\8-2-build-windows-amd64-cygwin\jdk8u221\13320\hotspot\src\share\vm\interpreter\interpreterRuntime.cpp, line 368]
Event: 13.820 Thread 0x000000000229b000 Implicit null exception at 0x0000000002700059 to 0x0000000002700551
Event: 13.820 Thread 0x000000000229b000 Implicit null exception at 0x00000000026e3396 to 0x00000000026e384d

Events (10 events):
Event: 680.889 Executing VM operation: GetOrSetLocal done
Event: 680.889 Executing VM operation: GetOrSetLocal
Event: 680.889 Executing VM operation: GetOrSetLocal done
Event: 680.890 Executing VM operation: GetOrSetLocal
Event: 680.890 Executing VM operation: GetOrSetLocal done
Event: 682.451 Executing VM operation: GetOrSetLocal
Event: 682.451 Executing VM operation: GetOrSetLocal done
Event: 682.451 Executing VM operation: GetOrSetLocal
Event: 682.451 Executing VM operation: GetOrSetLocal done
Event: 682.456 Executing VM operation: GetOrSetLocal


Dynamic libraries:
0x00007ff649fa0000 - 0x00007ff649fd7000 	C:\Program Files\Java\jre1.8.0_221\bin\javaw.exe
0x00007ffa34720000 - 0x00007ffa34910000 	C:\WINDOWS\SYSTEM32\ntdll.dll
0x00007ffa1e7b0000 - 0x00007ffa1e7c3000 	C:\Program Files\AVAST Software\Avast\aswhook.dll
0x00007ffa33830000 - 0x00007ffa338e2000 	C:\WINDOWS\System32\KERNEL32.DLL
0x00007ffa320c0000 - 0x00007ffa32363000 	C:\WINDOWS\System32\KERNELBASE.dll
0x00007ffa32a00000 - 0x00007ffa32aa3000 	C:\WINDOWS\System32\ADVAPI32.dll
0x00007ffa33fc0000 - 0x00007ffa3405e000 	C:\WINDOWS\System32\msvcrt.dll
0x00007ffa32ef0000 - 0x00007ffa32f87000 	C:\WINDOWS\System32\sechost.dll
0x00007ffa34060000 - 0x00007ffa34180000 	C:\WINDOWS\System32\RPCRT4.dll
0x00007ffa33680000 - 0x00007ffa33814000 	C:\WINDOWS\System32\USER32.dll
0x00007ffa31910000 - 0x00007ffa31931000 	C:\WINDOWS\System32\win32u.dll
0x00007ffa32910000 - 0x00007ffa32936000 	C:\WINDOWS\System32\GDI32.dll
0x00007ffa316d0000 - 0x00007ffa31864000 	C:\WINDOWS\System32\gdi32full.dll
0x00007ffa31870000 - 0x00007ffa3190e000 	C:\WINDOWS\System32\msvcp_win.dll
0x00007ffa32400000 - 0x00007ffa324fa000 	C:\WINDOWS\System32\ucrtbase.dll
0x00007ffa30a20000 - 0x00007ffa30ca5000 	C:\WINDOWS\WinSxS\amd64_microsoft.windows.common-controls_6595b64144ccf1df_6.0.18362.778_none_e6c6b761130d4fb8\COMCTL32.dll
0x00007ffa32b30000 - 0x00007ffa32e66000 	C:\WINDOWS\System32\combase.dll
0x00007ffa32500000 - 0x00007ffa32580000 	C:\WINDOWS\System32\bcryptPrimitives.dll
0x00007ffa329c0000 - 0x00007ffa329ee000 	C:\WINDOWS\System32\IMM32.DLL
0x0000000059c00000 - 0x0000000059cd2000 	C:\Program Files\Java\jre1.8.0_221\bin\msvcr100.dll
0x0000000059ce0000 - 0x000000005a585000 	C:\Program Files\Java\jre1.8.0_221\bin\server\jvm.dll
0x00007ffa33820000 - 0x00007ffa33828000 	C:\WINDOWS\System32\PSAPI.DLL
0x00007ffa22380000 - 0x00007ffa22389000 	C:\WINDOWS\SYSTEM32\WSOCK32.dll
0x00007ffa338f0000 - 0x00007ffa3395f000 	C:\WINDOWS\System32\WS2_32.dll
0x00007ffa2e8c0000 - 0x00007ffa2e8e4000 	C:\WINDOWS\SYSTEM32\WINMM.dll
0x00007ffa2b0b0000 - 0x00007ffa2b0ba000 	C:\WINDOWS\SYSTEM32\VERSION.dll
0x00007ffa2e890000 - 0x00007ffa2e8bd000 	C:\WINDOWS\SYSTEM32\WINMMBASE.dll
0x00007ffa32630000 - 0x00007ffa3267a000 	C:\WINDOWS\System32\cfgmgr32.dll
0x00007ffa2f5e0000 - 0x00007ffa2f5ef000 	C:\Program Files\Java\jre1.8.0_221\bin\verify.dll
0x00007ffa21d80000 - 0x00007ffa21da9000 	C:\Program Files\Java\jre1.8.0_221\bin\java.dll
0x00007ffa21c10000 - 0x00007ffa21c45000 	C:\Program Files\Java\jre1.8.0_221\bin\jdwp.dll
0x00007ffa2f740000 - 0x00007ffa2f748000 	C:\Program Files\Java\jre1.8.0_221\bin\npt.dll
0x00007ffa21d00000 - 0x00007ffa21d23000 	C:\Program Files\Java\jre1.8.0_221\bin\instrument.dll
0x00007ffa21ce0000 - 0x00007ffa21cf6000 	C:\Program Files\Java\jre1.8.0_221\bin\zip.dll
0x00007ffa32f90000 - 0x00007ffa33675000 	C:\WINDOWS\System32\SHELL32.dll
0x00007ffa33f10000 - 0x00007ffa33fb9000 	C:\WINDOWS\System32\shcore.dll
0x00007ffa31940000 - 0x00007ffa320c0000 	C:\WINDOWS\System32\windows.storage.dll
0x00007ffa31610000 - 0x00007ffa31633000 	C:\WINDOWS\System32\profapi.dll
0x00007ffa31660000 - 0x00007ffa316aa000 	C:\WINDOWS\System32\powrprof.dll
0x00007ffa315e0000 - 0x00007ffa315f0000 	C:\WINDOWS\System32\UMPDC.dll
0x00007ffa33960000 - 0x00007ffa339b2000 	C:\WINDOWS\System32\shlwapi.dll
0x00007ffa315f0000 - 0x00007ffa31601000 	C:\WINDOWS\System32\kernel.appcore.dll
0x00007ffa316b0000 - 0x00007ffa316c7000 	C:\WINDOWS\System32\cryptsp.dll
0x00007ffa2f5b0000 - 0x00007ffa2f5b9000 	C:\Program Files\Java\jre1.8.0_221\bin\dt_socket.dll
0x00007ffa18be0000 - 0x00007ffa18bf6000 	C:\WINDOWS\system32\napinsp.dll
0x00007ffa18bc0000 - 0x00007ffa18bda000 	C:\WINDOWS\system32\pnrpnsp.dll
0x00007ffa30770000 - 0x00007ffa307d7000 	C:\WINDOWS\System32\mswsock.dll
0x00007ffa30520000 - 0x00007ffa305ea000 	C:\WINDOWS\SYSTEM32\DNSAPI.dll
0x00007ffa329f0000 - 0x00007ffa329f8000 	C:\WINDOWS\System32\NSI.dll
0x00007ffa30480000 - 0x00007ffa304ba000 	C:\WINDOWS\SYSTEM32\IPHLPAPI.DLL
0x00007ffa18bb0000 - 0x00007ffa18bbe000 	C:\WINDOWS\System32\winrnr.dll
0x00007ffa2d180000 - 0x00007ffa2d19c000 	C:\WINDOWS\system32\NLAapi.dll
0x00007ffa18b90000 - 0x00007ffa18ba5000 	C:\WINDOWS\system32\wshbth.dll
0x00007ffa2b0c0000 - 0x00007ffa2b137000 	C:\WINDOWS\System32\fwpuclnt.dll
0x00007ffa323d0000 - 0x00007ffa323f6000 	C:\WINDOWS\System32\bcrypt.dll
0x00007ffa230c0000 - 0x00007ffa230ca000 	C:\Windows\System32\rasadhlp.dll
0x00007ffa20db0000 - 0x00007ffa20dca000 	C:\Program Files\Java\jre1.8.0_221\bin\net.dll
0x00007ffa23cd0000 - 0x00007ffa23ea5000 	C:\WINDOWS\SYSTEM32\urlmon.dll
0x00007ffa23eb0000 - 0x00007ffa24156000 	C:\WINDOWS\SYSTEM32\iertutil.dll
0x00007ffa30940000 - 0x00007ffa3094c000 	C:\WINDOWS\SYSTEM32\CRYPTBASE.DLL
0x00007ffa204c0000 - 0x00007ffa204d2000 	C:\Program Files\Java\jre1.8.0_221\bin\nio.dll
0x00007ffa2b8f0000 - 0x00007ffa2b8fd000 	C:\Program Files\Java\jre1.8.0_221\bin\management.dll
0x00007ffa302e0000 - 0x00007ffa30313000 	C:\WINDOWS\system32\rsaenh.dll
0x00007ffa31500000 - 0x00007ffa31525000 	C:\WINDOWS\SYSTEM32\USERENV.dll
0x00007ffa2b1c0000 - 0x00007ffa2b1d6000 	C:\WINDOWS\SYSTEM32\dhcpcsvc6.DLL
0x00007ffa2b710000 - 0x00007ffa2b72c000 	C:\WINDOWS\SYSTEM32\dhcpcsvc.DLL
0x00007ffa30ec0000 - 0x00007ffa310b4000 	C:\WINDOWS\SYSTEM32\dbghelp.dll

VM Arguments:
jvm_args: -agentlib:jdwp=transport=dt_socket,suspend=y,address=localhost:50733 -ea -javaagent:C:\Users\96jos\.eclipse\org.eclipse.platform_4.12.0_499800044_win32_win32_x86_64\configuration\org.eclipse.osgi\226\0\.cp\lib\javaagent-shaded.jar -Dfile.encoding=UTF-8 
java_command: org.eclipse.jdt.internal.junit.runner.RemoteTestRunner -version 3 -port 50732 -testLoaderClass org.eclipse.jdt.internal.junit5.runner.JUnit5TestLoader -loaderpluginname org.eclipse.jdt.junit5.runtime -classNames org.springframework.samples.petclinic.web.StayControllerTests
java_class_path (initial): C:\Workspace-2.19\Acme-PetClinic\target\test-classes;C:\Workspace-2.19\Acme-PetClinic\target\classes;C:\Users\96jos\.m2\repository\org\springframework\boot\spring-boot-starter-cache\2.2.4.RELEASE\spring-boot-starter-cache-2.2.4.RELEASE.jar;C:\Users\96jos\.m2\repository\org\springframework\boot\spring-boot-starter\2.2.4.RELEASE\spring-boot-starter-2.2.4.RELEASE.jar;C:\Users\96jos\.m2\repository\org\springframework\boot\spring-boot-starter-logging\2.2.4.RELEASE\spring-boot-starter-logging-2.2.4.RELEASE.jar;C:\Users\96jos\.m2\repository\ch\qos\logback\logback-classic\1.2.3\logback-classic-1.2.3.jar;C:\Users\96jos\.m2\repository\ch\qos\logback\logback-core\1.2.3\logback-core-1.2.3.jar;C:\Users\96jos\.m2\repository\org\apache\logging\log4j\log4j-to-slf4j\2.12.1\log4j-to-slf4j-2.12.1.jar;C:\Users\96jos\.m2\repository\org\apache\logging\log4j\log4j-api\2.12.1\log4j-api-2.12.1.jar;C:\Users\96jos\.m2\repository\org\slf4j\jul-to-slf4j\1.7.30\jul-to-slf4j-1.7.30.jar;C:\Users\96jos\.m2\repository\jakarta\annotation\jakarta.annotation-api\1.3.5\jakarta.annotation-api-1.3.5.jar;C:\Users\96jos\.m2\repository\org\yaml\snakeyaml\1.25\snakeyaml-1.25.jar;C:\Users\96jos\.m2\repository\org\springframework\spring-context-support\5.2.3.RELEASE\spring-context-support-5.2.3.RELEASE.jar;C:\Users\96jos\.m2\repository\org\springframework\boot\spring-boot-starter-data-jpa\2.2.4.RELEASE\spring-boot-starter-data-jpa-2.2.4.RELEASE.jar;C:\Users\96jos\.m2\repository\org\springframework\boot\spring-boot-starter-aop\2.2.4.RELEASE\spring-boot-starter-aop-2.2.4.RELEASE.jar;C:\Users\96jos\.m2\repository\org\aspectj\aspectjweaver\1.9.5\aspectjweaver-1.9.5.jar;C:\Users\96jos\.m2\repository\org\springframework\boot\spring-boot-starter-jdbc\2.2.4.RELEASE\spring-boot-starter-jdbc-2.2.4.RELEASE.jar;C:\Users\96jos\.m2\repository\com\zaxxer\HikariCP\3.4.2\HikariCP-3.4.2.jar;C:\Users\96jos\.m2\repository\org\springframework\spring-jdbc\5.2.3.RELEASE\spring-jdbc-5.2.3.RELEASE.jar;C:\Us
Launcher Type: SUN_STANDARD

Environment Variables:
JAVA_HOME=C:\Program Files\Java\jdk1.8.0_181
JRE_HOME=C:\Program Files\Java\jre1.8.0_221
PATH=C:/Program Files/Java/jre1.8.0_221/bin/server;C:/Program Files/Java/jre1.8.0_221/bin;C:/Program Files/Java/jre1.8.0_221/lib/amd64;C:\Program Files (x86)\Intel\Intel(R) Management Engine Components\iCLS\;C:\Program Files\Intel\Intel(R) Management Engine Components\iCLS\;C:\Program Files (x86)\Common Files\Oracle\Java\javapath;C:\Windows\system32;C:\Windows;C:\Windows\System32\Wbem;C:\Windows\System32\WindowsPowerShell\v1.0\;C:\Windows\System32\OpenSSH\;C:\Program Files\Microsoft VS Code\bin;C:\Program Files\Git\cmd;C:\Program Files (x86)\NVIDIA Corporation\PhysX\Common;C:\Program Files (x86)\Intel\Intel(R) Management Engine Components\DAL;C:\Program Files\Intel\Intel(R) Management Engine Components\DAL;C:\Program Files (x86)\Intel\Intel(R) Management Engine Components\IPT;C:\Program Files\Intel\Intel(R) Management Engine Components\IPT;C:\WINDOWS\system32;C:\WINDOWS;C:\WINDOWS\System32\Wbem;C:\WINDOWS\System32\WindowsPowerShell\v1.0\;C:\WINDOWS\System32\OpenSSH\;C:\Program Files\Apache\Tomcat-9.0.24\apache-tomcat-9.0.24\bin;C:\Program Files\Apache\Maven-3.6.2\apache-maven-3.6.2\bin;C:\Program Files\nodejs\;C:\Program Files\MySQL\MySQL Shell 8.0\bin\;C:\Users\96jos\AppData\Local\Microsoft\WindowsApps;C:\Program Files\Java\jdk1.8.0_181\bin;C:\Program Files\JetBrains\PhpStorm 2019.3.2\bin;C:\Users\96jos\AppData\Roaming\npm;C:\Users\96jos\AppData\Local\GitHubDesktop\bin;C:\Program Files\Eclipse\Eclipse-2019-06;
USERNAME=96jos
OS=Windows_NT
PROCESSOR_IDENTIFIER=Intel64 Family 6 Model 158 Stepping 9, GenuineIntel



---------------  S Y S T E M  ---------------

OS: Windows 10.0 , 64 bit Build 18362 (10.0.18362.778)

CPU:total 8 (initial active 8) (4 cores per cpu, 2 threads per core) family 6 model 158 stepping 9, cmov, cx8, fxsr, mmx, sse, sse2, sse3, ssse3, sse4.1, sse4.2, popcnt, avx, avx2, aes, clmul, erms, 3dnowpref, lzcnt, ht, tsc, tscinvbit, bmi1, bmi2, adx

Memory: 4k page, physical 16692944k(6218828k free), swap 27178704k(12609504k free)

vm_info: Java HotSpot(TM) 64-Bit Server VM (25.221-b11) for windows-amd64 JRE (1.8.0_221-b11), built on Jul  4 2019 04:39:29 by "java_re" with MS VC++ 10.0 (VS2010)

time: Wed Apr 29 22:58:17 2020
timezone: Hora de verano romance
elapsed time: 682 seconds (0d 0h 11m 22s)

